0 info it worked if it ends with ok
1 verbose cli [ 'C:\\Program Files (x86)\\nodejs\\node.exe',
1 verbose cli   'C:\\Program Files (x86)\\nodejs\\node_modules\\npm\\bin\\npm-cli.js',
1 verbose cli   'install',
1 verbose cli   '-g',
1 verbose cli   'jasmine' ]
2 info using npm@3.10.10
3 info using node@v6.9.4
4 silly loadCurrentTree Starting
5 silly install loadCurrentTree
6 silly install readGlobalPackageData
7 silly fetchPackageMetaData jasmine
8 silly fetchNamedPackageData jasmine
9 silly mapToRegistry name jasmine
10 silly mapToRegistry using default registry
11 silly mapToRegistry registry https://registry.npmjs.org/
12 silly mapToRegistry data Result {
12 silly mapToRegistry   raw: 'jasmine',
12 silly mapToRegistry   scope: null,
12 silly mapToRegistry   escapedName: 'jasmine',
12 silly mapToRegistry   name: 'jasmine',
12 silly mapToRegistry   rawSpec: '',
12 silly mapToRegistry   spec: 'latest',
12 silly mapToRegistry   type: 'tag' }
13 silly mapToRegistry uri https://registry.npmjs.org/jasmine
14 verbose request uri https://registry.npmjs.org/jasmine
15 verbose request no auth needed
16 info attempt registry request try #1 at 2:43:44 PM
17 verbose request id 068f44088e44916f
18 verbose etag W/"590e7edd-569c"
19 verbose lastModified Sun, 07 May 2017 01:56:45 GMT
20 http request GET https://registry.npmjs.org/jasmine
21 info retry will retry, error on last attempt: Error: getaddrinfo ENOENT registry.npmjs.org:443
22 info attempt registry request try #2 at 2:43:54 PM
23 verbose etag W/"590e7edd-569c"
24 verbose lastModified Sun, 07 May 2017 01:56:45 GMT
25 http request GET https://registry.npmjs.org/jasmine
26 info retry will retry, error on last attempt: Error: getaddrinfo ENOENT registry.npmjs.org:443
27 info attempt registry request try #3 at 2:44:54 PM
28 verbose etag W/"590e7edd-569c"
29 verbose lastModified Sun, 07 May 2017 01:56:45 GMT
30 http request GET https://registry.npmjs.org/jasmine
31 silly get cb [ 304, undefined ]
32 verbose etag https://registry.npmjs.org/jasmine from cache
33 verbose get saving jasmine to C:\Users\IT. PLUS\AppData\Roaming\npm-cache\registry.npmjs.org\jasmine\.cache.json
34 verbose correctMkdir C:\Users\IT. PLUS\AppData\Roaming\npm-cache correctMkdir not in flight; initializing
35 silly install normalizeTree
36 silly loadCurrentTree Finishing
37 silly loadIdealTree Starting
38 silly install loadIdealTree
39 silly cloneCurrentTree Starting
40 silly install cloneCurrentTreeToIdealTree
41 silly cloneCurrentTree Finishing
42 silly loadShrinkwrap Starting
43 silly install loadShrinkwrap
44 silly loadShrinkwrap Finishing
45 silly loadAllDepsIntoIdealTree Starting
46 silly install loadAllDepsIntoIdealTree
47 silly resolveWithNewModule jasmine@2.6.0 checking installable status
48 silly cache add args [ 'jasmine', null ]
49 verbose cache add spec jasmine
50 silly cache add parsed spec Result {
50 silly cache add   raw: 'jasmine',
50 silly cache add   scope: null,
50 silly cache add   escapedName: 'jasmine',
50 silly cache add   name: 'jasmine',
50 silly cache add   rawSpec: '',
50 silly cache add   spec: 'latest',
50 silly cache add   type: 'tag' }
51 silly addNamed jasmine@latest
52 verbose addNamed "latest" is being treated as a dist-tag for jasmine
53 info addNameTag [ 'jasmine', 'latest' ]
54 silly mapToRegistry name jasmine
55 silly mapToRegistry using default registry
56 silly mapToRegistry registry https://registry.npmjs.org/
57 silly mapToRegistry data Result {
57 silly mapToRegistry   raw: 'jasmine',
57 silly mapToRegistry   scope: null,
57 silly mapToRegistry   escapedName: 'jasmine',
57 silly mapToRegistry   name: 'jasmine',
57 silly mapToRegistry   rawSpec: '',
57 silly mapToRegistry   spec: 'latest',
57 silly mapToRegistry   type: 'tag' }
58 silly mapToRegistry uri https://registry.npmjs.org/jasmine
59 verbose addNameTag registry:https://registry.npmjs.org/jasmine not in flight; fetching
60 verbose get https://registry.npmjs.org/jasmine not expired, no request
61 silly addNameTag next cb for jasmine with tag latest
62 silly addNamed jasmine@2.6.0
63 verbose addNamed "2.6.0" is a plain semver version for jasmine
64 silly cache afterAdd jasmine@2.6.0
65 verbose afterAdd C:\Users\IT. PLUS\AppData\Roaming\npm-cache\jasmine\2.6.0\package\package.json not in flight; writing
66 verbose correctMkdir C:\Users\IT. PLUS\AppData\Roaming\npm-cache correctMkdir not in flight; initializing
67 verbose afterAdd C:\Users\IT. PLUS\AppData\Roaming\npm-cache\jasmine\2.6.0\package\package.json written
68 silly fetchNamedPackageData exit
69 silly mapToRegistry name exit
70 silly mapToRegistry using default registry
71 silly mapToRegistry registry https://registry.npmjs.org/
72 silly mapToRegistry data Result {
72 silly mapToRegistry   raw: 'exit',
72 silly mapToRegistry   scope: null,
72 silly mapToRegistry   escapedName: 'exit',
72 silly mapToRegistry   name: 'exit',
72 silly mapToRegistry   rawSpec: '',
72 silly mapToRegistry   spec: 'latest',
72 silly mapToRegistry   type: 'tag' }
73 silly mapToRegistry uri https://registry.npmjs.org/exit
74 silly fetchNamedPackageData glob
75 silly mapToRegistry name glob
76 silly mapToRegistry using default registry
77 silly mapToRegistry registry https://registry.npmjs.org/
78 silly mapToRegistry data Result {
78 silly mapToRegistry   raw: 'glob',
78 silly mapToRegistry   scope: null,
78 silly mapToRegistry   escapedName: 'glob',
78 silly mapToRegistry   name: 'glob',
78 silly mapToRegistry   rawSpec: '',
78 silly mapToRegistry   spec: 'latest',
78 silly mapToRegistry   type: 'tag' }
79 silly mapToRegistry uri https://registry.npmjs.org/glob
80 silly fetchNamedPackageData jasmine-core
81 silly mapToRegistry name jasmine-core
82 silly mapToRegistry using default registry
83 silly mapToRegistry registry https://registry.npmjs.org/
84 silly mapToRegistry data Result {
84 silly mapToRegistry   raw: 'jasmine-core',
84 silly mapToRegistry   scope: null,
84 silly mapToRegistry   escapedName: 'jasmine-core',
84 silly mapToRegistry   name: 'jasmine-core',
84 silly mapToRegistry   rawSpec: '',
84 silly mapToRegistry   spec: 'latest',
84 silly mapToRegistry   type: 'tag' }
85 silly mapToRegistry uri https://registry.npmjs.org/jasmine-core
86 verbose request uri https://registry.npmjs.org/exit
87 verbose request no auth needed
88 info attempt registry request try #1 at 2:44:55 PM
89 verbose etag W/"590b6cff-3641"
90 verbose lastModified Thu, 04 May 2017 18:03:43 GMT
91 http request GET https://registry.npmjs.org/exit
92 verbose request uri https://registry.npmjs.org/jasmine-core
93 verbose request no auth needed
94 info attempt registry request try #1 at 2:44:55 PM
95 verbose etag W/"590111d4-753c"
96 verbose lastModified Wed, 26 Apr 2017 21:32:04 GMT
97 http request GET https://registry.npmjs.org/jasmine-core
98 verbose request uri https://registry.npmjs.org/glob
99 verbose request no auth needed
100 info attempt registry request try #1 at 2:44:55 PM
101 verbose etag W/"59123678-1f74f"
102 verbose lastModified Tue, 09 May 2017 21:36:56 GMT
103 http request GET https://registry.npmjs.org/glob
104 info retry will retry, error on last attempt: Error: getaddrinfo ENOENT registry.npmjs.org:443
105 info retry will retry, error on last attempt: Error: getaddrinfo ENOENT registry.npmjs.org:443
106 info retry will retry, error on last attempt: Error: getaddrinfo ENOENT registry.npmjs.org:443
107 info attempt registry request try #2 at 2:45:05 PM
108 verbose etag W/"590b6cff-3641"
109 verbose lastModified Thu, 04 May 2017 18:03:43 GMT
110 http request GET https://registry.npmjs.org/exit
111 info attempt registry request try #2 at 2:45:05 PM
112 verbose etag W/"590111d4-753c"
113 verbose lastModified Wed, 26 Apr 2017 21:32:04 GMT
114 http request GET https://registry.npmjs.org/jasmine-core
115 info attempt registry request try #2 at 2:45:05 PM
116 verbose etag W/"59123678-1f74f"
117 verbose lastModified Tue, 09 May 2017 21:36:56 GMT
118 http request GET https://registry.npmjs.org/glob
119 info retry will retry, error on last attempt: Error: getaddrinfo ENOENT registry.npmjs.org:443
120 info retry will retry, error on last attempt: Error: getaddrinfo ENOENT registry.npmjs.org:443
121 info retry will retry, error on last attempt: Error: getaddrinfo ENOENT registry.npmjs.org:443
122 info attempt registry request try #3 at 2:46:05 PM
123 verbose etag W/"590b6cff-3641"
124 verbose lastModified Thu, 04 May 2017 18:03:43 GMT
125 http request GET https://registry.npmjs.org/exit
126 info attempt registry request try #3 at 2:46:05 PM
127 verbose etag W/"590111d4-753c"
128 verbose lastModified Wed, 26 Apr 2017 21:32:04 GMT
129 http request GET https://registry.npmjs.org/jasmine-core
130 info attempt registry request try #3 at 2:46:05 PM
131 verbose etag W/"59123678-1f74f"
132 verbose lastModified Tue, 09 May 2017 21:36:56 GMT
133 http request GET https://registry.npmjs.org/glob
134 silly get cb [ 304, undefined ]
135 verbose etag https://registry.npmjs.org/exit from cache
136 verbose get saving exit to C:\Users\IT. PLUS\AppData\Roaming\npm-cache\registry.npmjs.org\exit\.cache.json
137 verbose correctMkdir C:\Users\IT. PLUS\AppData\Roaming\npm-cache correctMkdir not in flight; initializing
138 silly get cb [ 304, undefined ]
139 verbose etag https://registry.npmjs.org/jasmine-core from cache
140 verbose get saving jasmine-core to C:\Users\IT. PLUS\AppData\Roaming\npm-cache\registry.npmjs.org\jasmine-core\.cache.json
141 verbose correctMkdir C:\Users\IT. PLUS\AppData\Roaming\npm-cache correctMkdir not in flight; initializing
142 silly get cb [ 304, undefined ]
143 verbose etag https://registry.npmjs.org/glob from cache
144 verbose get saving glob to C:\Users\IT. PLUS\AppData\Roaming\npm-cache\registry.npmjs.org\glob\.cache.json
145 verbose correctMkdir C:\Users\IT. PLUS\AppData\Roaming\npm-cache correctMkdir not in flight; initializing
146 silly resolveWithNewModule exit@0.1.2 checking installable status
147 silly cache add args [ 'exit@^0.1.2', null ]
148 verbose cache add spec exit@^0.1.2
149 silly cache add parsed spec Result {
149 silly cache add   raw: 'exit@^0.1.2',
149 silly cache add   scope: null,
149 silly cache add   escapedName: 'exit',
149 silly cache add   name: 'exit',
149 silly cache add   rawSpec: '^0.1.2',
149 silly cache add   spec: '>=0.1.2 <0.2.0',
149 silly cache add   type: 'range' }
150 silly addNamed exit@>=0.1.2 <0.2.0
151 verbose addNamed ">=0.1.2 <0.2.0" is a valid semver range for exit
152 silly addNameRange { name: 'exit', range: '>=0.1.2 <0.2.0', hasData: false }
153 silly mapToRegistry name exit
154 silly mapToRegistry using default registry
155 silly mapToRegistry registry https://registry.npmjs.org/
156 silly mapToRegistry data Result {
156 silly mapToRegistry   raw: 'exit',
156 silly mapToRegistry   scope: null,
156 silly mapToRegistry   escapedName: 'exit',
156 silly mapToRegistry   name: 'exit',
156 silly mapToRegistry   rawSpec: '',
156 silly mapToRegistry   spec: 'latest',
156 silly mapToRegistry   type: 'tag' }
157 silly mapToRegistry uri https://registry.npmjs.org/exit
158 verbose addNameRange registry:https://registry.npmjs.org/exit not in flight; fetching
159 silly resolveWithNewModule jasmine-core@2.6.1 checking installable status
160 silly cache add args [ 'jasmine-core@~2.6.0', null ]
161 verbose cache add spec jasmine-core@~2.6.0
162 silly cache add parsed spec Result {
162 silly cache add   raw: 'jasmine-core@~2.6.0',
162 silly cache add   scope: null,
162 silly cache add   escapedName: 'jasmine-core',
162 silly cache add   name: 'jasmine-core',
162 silly cache add   rawSpec: '~2.6.0',
162 silly cache add   spec: '>=2.6.0 <2.7.0',
162 silly cache add   type: 'range' }
163 silly addNamed jasmine-core@>=2.6.0 <2.7.0
164 verbose addNamed ">=2.6.0 <2.7.0" is a valid semver range for jasmine-core
165 silly addNameRange { name: 'jasmine-core', range: '>=2.6.0 <2.7.0', hasData: false }
166 silly mapToRegistry name jasmine-core
167 silly mapToRegistry using default registry
168 silly mapToRegistry registry https://registry.npmjs.org/
169 silly mapToRegistry data Result {
169 silly mapToRegistry   raw: 'jasmine-core',
169 silly mapToRegistry   scope: null,
169 silly mapToRegistry   escapedName: 'jasmine-core',
169 silly mapToRegistry   name: 'jasmine-core',
169 silly mapToRegistry   rawSpec: '',
169 silly mapToRegistry   spec: 'latest',
169 silly mapToRegistry   type: 'tag' }
170 silly mapToRegistry uri https://registry.npmjs.org/jasmine-core
171 verbose addNameRange registry:https://registry.npmjs.org/jasmine-core not in flight; fetching
172 verbose get https://registry.npmjs.org/exit not expired, no request
173 silly addNameRange number 2 { name: 'exit', range: '>=0.1.2 <0.2.0', hasData: true }
174 silly addNameRange versions [ 'exit', [ '0.1.0', '0.1.1', '0.1.2' ] ]
175 silly addNamed exit@0.1.2
176 verbose addNamed "0.1.2" is a plain semver version for exit
177 verbose get https://registry.npmjs.org/jasmine-core not expired, no request
178 silly addNameRange number 2 { name: 'jasmine-core', range: '>=2.6.0 <2.7.0', hasData: true }
179 silly addNameRange versions [ 'jasmine-core',
179 silly addNameRange   [ '2.0.0',
179 silly addNameRange     '2.0.1',
179 silly addNameRange     '2.0.4',
179 silly addNameRange     '2.1.0',
179 silly addNameRange     '2.1.1',
179 silly addNameRange     '2.1.2',
179 silly addNameRange     '2.1.3',
179 silly addNameRange     '2.2.0',
179 silly addNameRange     '2.3.0',
179 silly addNameRange     '2.3.2',
179 silly addNameRange     '2.3.3',
179 silly addNameRange     '2.3.4',
179 silly addNameRange     '2.4.0',
179 silly addNameRange     '2.4.1',
179 silly addNameRange     '2.5.0',
179 silly addNameRange     '2.5.1',
179 silly addNameRange     '2.5.2',
179 silly addNameRange     '2.6.0',
179 silly addNameRange     '2.6.1' ] ]
180 silly addNamed jasmine-core@2.6.1
181 verbose addNamed "2.6.1" is a plain semver version for jasmine-core
182 silly resolveWithNewModule glob@7.1.1 checking installable status
183 silly cache add args [ 'glob@^7.0.6', null ]
184 verbose cache add spec glob@^7.0.6
185 silly cache add parsed spec Result {
185 silly cache add   raw: 'glob@^7.0.6',
185 silly cache add   scope: null,
185 silly cache add   escapedName: 'glob',
185 silly cache add   name: 'glob',
185 silly cache add   rawSpec: '^7.0.6',
185 silly cache add   spec: '>=7.0.6 <8.0.0',
185 silly cache add   type: 'range' }
186 silly addNamed glob@>=7.0.6 <8.0.0
187 verbose addNamed ">=7.0.6 <8.0.0" is a valid semver range for glob
188 silly addNameRange { name: 'glob', range: '>=7.0.6 <8.0.0', hasData: false }
189 silly mapToRegistry name glob
190 silly mapToRegistry using default registry
191 silly mapToRegistry registry https://registry.npmjs.org/
192 silly mapToRegistry data Result {
192 silly mapToRegistry   raw: 'glob',
192 silly mapToRegistry   scope: null,
192 silly mapToRegistry   escapedName: 'glob',
192 silly mapToRegistry   name: 'glob',
192 silly mapToRegistry   rawSpec: '',
192 silly mapToRegistry   spec: 'latest',
192 silly mapToRegistry   type: 'tag' }
193 silly mapToRegistry uri https://registry.npmjs.org/glob
194 verbose addNameRange registry:https://registry.npmjs.org/glob not in flight; fetching
195 silly cache afterAdd exit@0.1.2
196 verbose afterAdd C:\Users\IT. PLUS\AppData\Roaming\npm-cache\exit\0.1.2\package\package.json not in flight; writing
197 verbose correctMkdir C:\Users\IT. PLUS\AppData\Roaming\npm-cache correctMkdir not in flight; initializing
198 silly cache afterAdd jasmine-core@2.6.1
199 verbose afterAdd C:\Users\IT. PLUS\AppData\Roaming\npm-cache\jasmine-core\2.6.1\package\package.json not in flight; writing
200 verbose correctMkdir C:\Users\IT. PLUS\AppData\Roaming\npm-cache correctMkdir not in flight; initializing
201 verbose get https://registry.npmjs.org/glob not expired, no request
202 silly addNameRange number 2 { name: 'glob', range: '>=7.0.6 <8.0.0', hasData: true }
203 silly addNameRange versions [ 'glob',
203 silly addNameRange   [ '1.1.0',
203 silly addNameRange     '2.0.9',
203 silly addNameRange     '2.0.8',
203 silly addNameRange     '2.0.7',
203 silly addNameRange     '2.1.0',
203 silly addNameRange     '3.0.0',
203 silly addNameRange     '3.0.1',
203 silly addNameRange     '3.1.0',
203 silly addNameRange     '3.1.1',
203 silly addNameRange     '3.1.2',
203 silly addNameRange     '3.1.3',
203 silly addNameRange     '3.1.4',
203 silly addNameRange     '3.1.5',
203 silly addNameRange     '3.1.6',
203 silly addNameRange     '3.1.7',
203 silly addNameRange     '3.1.9',
203 silly addNameRange     '3.1.10',
203 silly addNameRange     '3.1.11',
203 silly addNameRange     '3.1.12',
203 silly addNameRange     '3.1.13',
203 silly addNameRange     '3.1.14',
203 silly addNameRange     '3.1.15',
203 silly addNameRange     '3.1.16',
203 silly addNameRange     '3.1.17',
203 silly addNameRange     '3.1.18',
203 silly addNameRange     '3.1.19',
203 silly addNameRange     '3.1.20',
203 silly addNameRange     '3.1.21',
203 silly addNameRange     '3.2.0',
203 silly addNameRange     '3.2.1',
203 silly addNameRange     '3.2.3',
203 silly addNameRange     '3.2.4',
203 silly addNameRange     '3.2.5',
203 silly addNameRange     '3.2.6',
203 silly addNameRange     '3.2.7',
203 silly addNameRange     '3.2.8',
203 silly addNameRange     '3.2.9',
203 silly addNameRange     '3.2.10',
203 silly addNameRange     '3.2.11',
203 silly addNameRange     '4.0.0',
203 silly addNameRange     '4.0.1',
203 silly addNameRange     '4.0.2',
203 silly addNameRange     '4.0.3',
203 silly addNameRange     '4.0.4',
203 silly addNameRange     '4.0.5',
203 silly addNameRange     '4.0.6',
203 silly addNameRange     '4.1.2-beta',
203 silly addNameRange     '4.1.2',
203 silly addNameRange     '4.1.3',
203 silly addNameRange     '4.1.4',
203 silly addNameRange     '4.1.5',
203 silly addNameRange     '4.1.6',
203 silly addNameRange     '4.2.0',
203 silly addNameRange     '4.2.1',
203 silly addNameRange     '4.2.2',
203 silly addNameRange     '4.3.0',
203 silly addNameRange     '4.3.1',
203 silly addNameRange     '4.3.2',
203 silly addNameRange     '4.3.3',
203 silly addNameRange     '4.3.4',
203 silly addNameRange     '4.3.5',
203 silly addNameRange     '4.4.0',
203 silly addNameRange     '4.4.2',
203 silly addNameRange     '4.5.0',
203 silly addNameRange     '5.0.0',
203 silly addNameRange     '4.5.1',
203 silly addNameRange     '5.0.1',
203 silly addNameRange     '4.5.2',
203 silly addNameRange     '5.0.2',
203 silly addNameRange     '4.5.3',
203 silly addNameRange     '5.0.3',
203 silly addNameRange     '5.0.4',
203 silly addNameRange     '5.0.5',
203 silly addNameRange     '5.0.6',
203 silly addNameRange     '5.0.7',
203 silly addNameRange     '5.0.9',
203 silly addNameRange     '5.0.10',
203 silly addNameRange     '5.0.11',
203 silly addNameRange     '5.0.12',
203 silly addNameRange     '5.0.13',
203 silly addNameRange     '5.0.14',
203 silly addNameRange     '5.0.15',
203 silly addNameRange     '6.0.1',
203 silly addNameRange     '6.0.2',
203 silly addNameRange     '6.0.3',
203 silly addNameRange     '6.0.4',
203 silly addNameRange     '7.0.0',
203 silly addNameRange     '7.0.1',
203 silly addNameRange     '7.0.3',
203 silly addNameRange     '7.0.4',
203 silly addNameRange     '7.0.5',
203 silly addNameRange     '7.0.6',
203 silly addNameRange     '7.1.0',
203 silly addNameRange     '7.1.1' ] ]
204 silly addNamed glob@7.1.1
205 verbose addNamed "7.1.1" is a plain semver version for glob
206 silly cache afterAdd glob@7.1.1
207 verbose afterAdd C:\Users\IT. PLUS\AppData\Roaming\npm-cache\glob\7.1.1\package\package.json not in flight; writing
208 verbose correctMkdir C:\Users\IT. PLUS\AppData\Roaming\npm-cache correctMkdir not in flight; initializing
209 verbose afterAdd C:\Users\IT. PLUS\AppData\Roaming\npm-cache\jasmine-core\2.6.1\package\package.json written
210 verbose afterAdd C:\Users\IT. PLUS\AppData\Roaming\npm-cache\exit\0.1.2\package\package.json written
211 verbose afterAdd C:\Users\IT. PLUS\AppData\Roaming\npm-cache\glob\7.1.1\package\package.json written
212 silly fetchNamedPackageData fs.realpath
213 silly mapToRegistry name fs.realpath
214 silly mapToRegistry using default registry
215 silly mapToRegistry registry https://registry.npmjs.org/
216 silly mapToRegistry data Result {
216 silly mapToRegistry   raw: 'fs.realpath',
216 silly mapToRegistry   scope: null,
216 silly mapToRegistry   escapedName: 'fs.realpath',
216 silly mapToRegistry   name: 'fs.realpath',
216 silly mapToRegistry   rawSpec: '',
216 silly mapToRegistry   spec: 'latest',
216 silly mapToRegistry   type: 'tag' }
217 silly mapToRegistry uri https://registry.npmjs.org/fs.realpath
218 silly fetchNamedPackageData inflight
219 silly mapToRegistry name inflight
220 silly mapToRegistry using default registry
221 silly mapToRegistry registry https://registry.npmjs.org/
222 silly mapToRegistry data Result {
222 silly mapToRegistry   raw: 'inflight',
222 silly mapToRegistry   scope: null,
222 silly mapToRegistry   escapedName: 'inflight',
222 silly mapToRegistry   name: 'inflight',
222 silly mapToRegistry   rawSpec: '',
222 silly mapToRegistry   spec: 'latest',
222 silly mapToRegistry   type: 'tag' }
223 silly mapToRegistry uri https://registry.npmjs.org/inflight
224 silly fetchNamedPackageData inherits
225 silly mapToRegistry name inherits
226 silly mapToRegistry using default registry
227 silly mapToRegistry registry https://registry.npmjs.org/
228 silly mapToRegistry data Result {
228 silly mapToRegistry   raw: 'inherits',
228 silly mapToRegistry   scope: null,
228 silly mapToRegistry   escapedName: 'inherits',
228 silly mapToRegistry   name: 'inherits',
228 silly mapToRegistry   rawSpec: '',
228 silly mapToRegistry   spec: 'latest',
228 silly mapToRegistry   type: 'tag' }
229 silly mapToRegistry uri https://registry.npmjs.org/inherits
230 silly fetchNamedPackageData minimatch
231 silly mapToRegistry name minimatch
232 silly mapToRegistry using default registry
233 silly mapToRegistry registry https://registry.npmjs.org/
234 silly mapToRegistry data Result {
234 silly mapToRegistry   raw: 'minimatch',
234 silly mapToRegistry   scope: null,
234 silly mapToRegistry   escapedName: 'minimatch',
234 silly mapToRegistry   name: 'minimatch',
234 silly mapToRegistry   rawSpec: '',
234 silly mapToRegistry   spec: 'latest',
234 silly mapToRegistry   type: 'tag' }
235 silly mapToRegistry uri https://registry.npmjs.org/minimatch
236 silly fetchNamedPackageData once
237 silly mapToRegistry name once
238 silly mapToRegistry using default registry
239 silly mapToRegistry registry https://registry.npmjs.org/
240 silly mapToRegistry data Result {
240 silly mapToRegistry   raw: 'once',
240 silly mapToRegistry   scope: null,
240 silly mapToRegistry   escapedName: 'once',
240 silly mapToRegistry   name: 'once',
240 silly mapToRegistry   rawSpec: '',
240 silly mapToRegistry   spec: 'latest',
240 silly mapToRegistry   type: 'tag' }
241 silly mapToRegistry uri https://registry.npmjs.org/once
242 silly fetchNamedPackageData path-is-absolute
243 silly mapToRegistry name path-is-absolute
244 silly mapToRegistry using default registry
245 silly mapToRegistry registry https://registry.npmjs.org/
246 silly mapToRegistry data Result {
246 silly mapToRegistry   raw: 'path-is-absolute',
246 silly mapToRegistry   scope: null,
246 silly mapToRegistry   escapedName: 'path-is-absolute',
246 silly mapToRegistry   name: 'path-is-absolute',
246 silly mapToRegistry   rawSpec: '',
246 silly mapToRegistry   spec: 'latest',
246 silly mapToRegistry   type: 'tag' }
247 silly mapToRegistry uri https://registry.npmjs.org/path-is-absolute
248 verbose request uri https://registry.npmjs.org/fs.realpath
249 verbose request no auth needed
250 info attempt registry request try #1 at 2:46:05 PM
251 verbose etag W/"5818d000-107b"
252 verbose lastModified Tue, 01 Nov 2016 17:25:20 GMT
253 http request GET https://registry.npmjs.org/fs.realpath
254 verbose request uri https://registry.npmjs.org/inflight
255 verbose request no auth needed
256 info attempt registry request try #1 at 2:46:05 PM
257 verbose etag W/"5818d131-25a6"
258 verbose lastModified Tue, 01 Nov 2016 17:30:25 GMT
259 http request GET https://registry.npmjs.org/inflight
260 verbose request uri https://registry.npmjs.org/inherits
261 verbose request no auth needed
262 info attempt registry request try #1 at 2:46:05 PM
263 verbose etag W/"58fc9a2b-2221"
264 verbose lastModified Sun, 23 Apr 2017 12:12:27 GMT
265 http request GET https://registry.npmjs.org/inherits
266 verbose request uri https://registry.npmjs.org/minimatch
267 verbose request no auth needed
268 info attempt registry request try #1 at 2:46:05 PM
269 verbose etag W/"590f633e-d1b5"
270 verbose lastModified Sun, 07 May 2017 18:11:10 GMT
271 http request GET https://registry.npmjs.org/minimatch
272 verbose request uri https://registry.npmjs.org/once
273 verbose request no auth needed
274 info attempt registry request try #1 at 2:46:05 PM
275 verbose etag W/"58bbe9a9-25e7"
276 verbose lastModified Sun, 05 Mar 2017 10:34:17 GMT
277 http request GET https://registry.npmjs.org/once
278 verbose request uri https://registry.npmjs.org/path-is-absolute
279 verbose request no auth needed
280 info attempt registry request try #1 at 2:46:05 PM
281 verbose etag W/"58e77292-133a"
282 verbose lastModified Fri, 07 Apr 2017 11:05:54 GMT
283 http request GET https://registry.npmjs.org/path-is-absolute
284 info retry will retry, error on last attempt: Error: getaddrinfo ENOENT registry.npmjs.org:443
285 info retry will retry, error on last attempt: Error: getaddrinfo ENOENT registry.npmjs.org:443
286 info retry will retry, error on last attempt: Error: getaddrinfo ENOENT registry.npmjs.org:443
287 info retry will retry, error on last attempt: Error: getaddrinfo ENOENT registry.npmjs.org:443
288 info retry will retry, error on last attempt: Error: getaddrinfo ENOENT registry.npmjs.org:443
289 info retry will retry, error on last attempt: Error: getaddrinfo ENOENT registry.npmjs.org:443
290 info attempt registry request try #2 at 2:46:15 PM
291 verbose etag W/"5818d000-107b"
292 verbose lastModified Tue, 01 Nov 2016 17:25:20 GMT
293 http request GET https://registry.npmjs.org/fs.realpath
294 info attempt registry request try #2 at 2:46:15 PM
295 verbose etag W/"5818d131-25a6"
296 verbose lastModified Tue, 01 Nov 2016 17:30:25 GMT
297 http request GET https://registry.npmjs.org/inflight
298 info attempt registry request try #2 at 2:46:15 PM
299 verbose etag W/"58fc9a2b-2221"
300 verbose lastModified Sun, 23 Apr 2017 12:12:27 GMT
301 http request GET https://registry.npmjs.org/inherits
302 info attempt registry request try #2 at 2:46:15 PM
303 verbose etag W/"590f633e-d1b5"
304 verbose lastModified Sun, 07 May 2017 18:11:10 GMT
305 http request GET https://registry.npmjs.org/minimatch
306 info attempt registry request try #2 at 2:46:15 PM
307 verbose etag W/"58bbe9a9-25e7"
308 verbose lastModified Sun, 05 Mar 2017 10:34:17 GMT
309 http request GET https://registry.npmjs.org/once
310 info attempt registry request try #2 at 2:46:15 PM
311 verbose etag W/"58e77292-133a"
312 verbose lastModified Fri, 07 Apr 2017 11:05:54 GMT
313 http request GET https://registry.npmjs.org/path-is-absolute
314 info retry will retry, error on last attempt: Error: getaddrinfo ENOENT registry.npmjs.org:443
315 info retry will retry, error on last attempt: Error: getaddrinfo ENOENT registry.npmjs.org:443
316 info retry will retry, error on last attempt: Error: getaddrinfo ENOENT registry.npmjs.org:443
317 info retry will retry, error on last attempt: Error: getaddrinfo ENOENT registry.npmjs.org:443
318 info retry will retry, error on last attempt: Error: getaddrinfo ENOENT registry.npmjs.org:443
319 info retry will retry, error on last attempt: Error: getaddrinfo ENOENT registry.npmjs.org:443
320 info attempt registry request try #3 at 2:47:15 PM
321 verbose etag W/"5818d000-107b"
322 verbose lastModified Tue, 01 Nov 2016 17:25:20 GMT
323 http request GET https://registry.npmjs.org/fs.realpath
324 info attempt registry request try #3 at 2:47:15 PM
325 verbose etag W/"5818d131-25a6"
326 verbose lastModified Tue, 01 Nov 2016 17:30:25 GMT
327 http request GET https://registry.npmjs.org/inflight
328 info attempt registry request try #3 at 2:47:15 PM
329 verbose etag W/"58fc9a2b-2221"
330 verbose lastModified Sun, 23 Apr 2017 12:12:27 GMT
331 http request GET https://registry.npmjs.org/inherits
332 info attempt registry request try #3 at 2:47:15 PM
333 verbose etag W/"590f633e-d1b5"
334 verbose lastModified Sun, 07 May 2017 18:11:10 GMT
335 http request GET https://registry.npmjs.org/minimatch
336 info attempt registry request try #3 at 2:47:15 PM
337 verbose etag W/"58bbe9a9-25e7"
338 verbose lastModified Sun, 05 Mar 2017 10:34:17 GMT
339 http request GET https://registry.npmjs.org/once
340 info attempt registry request try #3 at 2:47:15 PM
341 verbose etag W/"58e77292-133a"
342 verbose lastModified Fri, 07 Apr 2017 11:05:54 GMT
343 http request GET https://registry.npmjs.org/path-is-absolute
344 silly get cb [ 304, undefined ]
345 verbose etag https://registry.npmjs.org/fs.realpath from cache
346 verbose get saving fs.realpath to C:\Users\IT. PLUS\AppData\Roaming\npm-cache\registry.npmjs.org\fs.realpath\.cache.json
347 verbose correctMkdir C:\Users\IT. PLUS\AppData\Roaming\npm-cache correctMkdir not in flight; initializing
348 silly get cb [ 304, undefined ]
349 verbose etag https://registry.npmjs.org/inflight from cache
350 verbose get saving inflight to C:\Users\IT. PLUS\AppData\Roaming\npm-cache\registry.npmjs.org\inflight\.cache.json
351 verbose correctMkdir C:\Users\IT. PLUS\AppData\Roaming\npm-cache correctMkdir not in flight; initializing
352 silly get cb [ 304, undefined ]
353 verbose etag https://registry.npmjs.org/inherits from cache
354 verbose get saving inherits to C:\Users\IT. PLUS\AppData\Roaming\npm-cache\registry.npmjs.org\inherits\.cache.json
355 verbose correctMkdir C:\Users\IT. PLUS\AppData\Roaming\npm-cache correctMkdir not in flight; initializing
356 silly get cb [ 304, undefined ]
357 verbose etag https://registry.npmjs.org/minimatch from cache
358 verbose get saving minimatch to C:\Users\IT. PLUS\AppData\Roaming\npm-cache\registry.npmjs.org\minimatch\.cache.json
359 verbose correctMkdir C:\Users\IT. PLUS\AppData\Roaming\npm-cache correctMkdir not in flight; initializing
360 silly get cb [ 304, undefined ]
361 verbose etag https://registry.npmjs.org/once from cache
362 verbose get saving once to C:\Users\IT. PLUS\AppData\Roaming\npm-cache\registry.npmjs.org\once\.cache.json
363 verbose correctMkdir C:\Users\IT. PLUS\AppData\Roaming\npm-cache correctMkdir not in flight; initializing
364 silly get cb [ 304, undefined ]
365 verbose etag https://registry.npmjs.org/path-is-absolute from cache
366 verbose get saving path-is-absolute to C:\Users\IT. PLUS\AppData\Roaming\npm-cache\registry.npmjs.org\path-is-absolute\.cache.json
367 verbose correctMkdir C:\Users\IT. PLUS\AppData\Roaming\npm-cache correctMkdir not in flight; initializing
368 silly resolveWithNewModule fs.realpath@1.0.0 checking installable status
369 silly cache add args [ 'fs.realpath@^1.0.0', null ]
370 verbose cache add spec fs.realpath@^1.0.0
371 silly cache add parsed spec Result {
371 silly cache add   raw: 'fs.realpath@^1.0.0',
371 silly cache add   scope: null,
371 silly cache add   escapedName: 'fs.realpath',
371 silly cache add   name: 'fs.realpath',
371 silly cache add   rawSpec: '^1.0.0',
371 silly cache add   spec: '>=1.0.0 <2.0.0',
371 silly cache add   type: 'range' }
372 silly addNamed fs.realpath@>=1.0.0 <2.0.0
373 verbose addNamed ">=1.0.0 <2.0.0" is a valid semver range for fs.realpath
374 silly addNameRange { name: 'fs.realpath', range: '>=1.0.0 <2.0.0', hasData: false }
375 silly mapToRegistry name fs.realpath
376 silly mapToRegistry using default registry
377 silly mapToRegistry registry https://registry.npmjs.org/
378 silly mapToRegistry data Result {
378 silly mapToRegistry   raw: 'fs.realpath',
378 silly mapToRegistry   scope: null,
378 silly mapToRegistry   escapedName: 'fs.realpath',
378 silly mapToRegistry   name: 'fs.realpath',
378 silly mapToRegistry   rawSpec: '',
378 silly mapToRegistry   spec: 'latest',
378 silly mapToRegistry   type: 'tag' }
379 silly mapToRegistry uri https://registry.npmjs.org/fs.realpath
380 verbose addNameRange registry:https://registry.npmjs.org/fs.realpath not in flight; fetching
381 silly resolveWithNewModule minimatch@3.0.4 checking installable status
382 silly cache add args [ 'minimatch@^3.0.2', null ]
383 verbose cache add spec minimatch@^3.0.2
384 silly cache add parsed spec Result {
384 silly cache add   raw: 'minimatch@^3.0.2',
384 silly cache add   scope: null,
384 silly cache add   escapedName: 'minimatch',
384 silly cache add   name: 'minimatch',
384 silly cache add   rawSpec: '^3.0.2',
384 silly cache add   spec: '>=3.0.2 <4.0.0',
384 silly cache add   type: 'range' }
385 silly addNamed minimatch@>=3.0.2 <4.0.0
386 verbose addNamed ">=3.0.2 <4.0.0" is a valid semver range for minimatch
387 silly addNameRange { name: 'minimatch', range: '>=3.0.2 <4.0.0', hasData: false }
388 silly mapToRegistry name minimatch
389 silly mapToRegistry using default registry
390 silly mapToRegistry registry https://registry.npmjs.org/
391 silly mapToRegistry data Result {
391 silly mapToRegistry   raw: 'minimatch',
391 silly mapToRegistry   scope: null,
391 silly mapToRegistry   escapedName: 'minimatch',
391 silly mapToRegistry   name: 'minimatch',
391 silly mapToRegistry   rawSpec: '',
391 silly mapToRegistry   spec: 'latest',
391 silly mapToRegistry   type: 'tag' }
392 silly mapToRegistry uri https://registry.npmjs.org/minimatch
393 verbose addNameRange registry:https://registry.npmjs.org/minimatch not in flight; fetching
394 silly resolveWithNewModule inflight@1.0.6 checking installable status
395 silly cache add args [ 'inflight@^1.0.4', null ]
396 verbose cache add spec inflight@^1.0.4
397 silly cache add parsed spec Result {
397 silly cache add   raw: 'inflight@^1.0.4',
397 silly cache add   scope: null,
397 silly cache add   escapedName: 'inflight',
397 silly cache add   name: 'inflight',
397 silly cache add   rawSpec: '^1.0.4',
397 silly cache add   spec: '>=1.0.4 <2.0.0',
397 silly cache add   type: 'range' }
398 silly addNamed inflight@>=1.0.4 <2.0.0
399 verbose addNamed ">=1.0.4 <2.0.0" is a valid semver range for inflight
400 silly addNameRange { name: 'inflight', range: '>=1.0.4 <2.0.0', hasData: false }
401 silly mapToRegistry name inflight
402 silly mapToRegistry using default registry
403 silly mapToRegistry registry https://registry.npmjs.org/
404 silly mapToRegistry data Result {
404 silly mapToRegistry   raw: 'inflight',
404 silly mapToRegistry   scope: null,
404 silly mapToRegistry   escapedName: 'inflight',
404 silly mapToRegistry   name: 'inflight',
404 silly mapToRegistry   rawSpec: '',
404 silly mapToRegistry   spec: 'latest',
404 silly mapToRegistry   type: 'tag' }
405 silly mapToRegistry uri https://registry.npmjs.org/inflight
406 verbose addNameRange registry:https://registry.npmjs.org/inflight not in flight; fetching
407 silly resolveWithNewModule inherits@2.0.3 checking installable status
408 silly cache add args [ 'inherits@2', null ]
409 verbose cache add spec inherits@2
410 silly cache add parsed spec Result {
410 silly cache add   raw: 'inherits@2',
410 silly cache add   scope: null,
410 silly cache add   escapedName: 'inherits',
410 silly cache add   name: 'inherits',
410 silly cache add   rawSpec: '2',
410 silly cache add   spec: '>=2.0.0 <3.0.0',
410 silly cache add   type: 'range' }
411 silly addNamed inherits@>=2.0.0 <3.0.0
412 verbose addNamed ">=2.0.0 <3.0.0" is a valid semver range for inherits
413 silly addNameRange { name: 'inherits', range: '>=2.0.0 <3.0.0', hasData: false }
414 silly mapToRegistry name inherits
415 silly mapToRegistry using default registry
416 silly mapToRegistry registry https://registry.npmjs.org/
417 silly mapToRegistry data Result {
417 silly mapToRegistry   raw: 'inherits',
417 silly mapToRegistry   scope: null,
417 silly mapToRegistry   escapedName: 'inherits',
417 silly mapToRegistry   name: 'inherits',
417 silly mapToRegistry   rawSpec: '',
417 silly mapToRegistry   spec: 'latest',
417 silly mapToRegistry   type: 'tag' }
418 silly mapToRegistry uri https://registry.npmjs.org/inherits
419 verbose addNameRange registry:https://registry.npmjs.org/inherits not in flight; fetching
420 verbose get https://registry.npmjs.org/fs.realpath not expired, no request
421 silly addNameRange number 2 { name: 'fs.realpath', range: '>=1.0.0 <2.0.0', hasData: true }
422 silly addNameRange versions [ 'fs.realpath', [ '0.0.0', '1.0.0' ] ]
423 silly addNamed fs.realpath@1.0.0
424 verbose addNamed "1.0.0" is a plain semver version for fs.realpath
425 silly resolveWithNewModule path-is-absolute@1.0.1 checking installable status
426 silly cache add args [ 'path-is-absolute@^1.0.0', null ]
427 verbose cache add spec path-is-absolute@^1.0.0
428 silly cache add parsed spec Result {
428 silly cache add   raw: 'path-is-absolute@^1.0.0',
428 silly cache add   scope: null,
428 silly cache add   escapedName: 'path-is-absolute',
428 silly cache add   name: 'path-is-absolute',
428 silly cache add   rawSpec: '^1.0.0',
428 silly cache add   spec: '>=1.0.0 <2.0.0',
428 silly cache add   type: 'range' }
429 silly addNamed path-is-absolute@>=1.0.0 <2.0.0
430 verbose addNamed ">=1.0.0 <2.0.0" is a valid semver range for path-is-absolute
431 silly addNameRange { name: 'path-is-absolute',
431 silly addNameRange   range: '>=1.0.0 <2.0.0',
431 silly addNameRange   hasData: false }
432 silly mapToRegistry name path-is-absolute
433 silly mapToRegistry using default registry
434 silly mapToRegistry registry https://registry.npmjs.org/
435 silly mapToRegistry data Result {
435 silly mapToRegistry   raw: 'path-is-absolute',
435 silly mapToRegistry   scope: null,
435 silly mapToRegistry   escapedName: 'path-is-absolute',
435 silly mapToRegistry   name: 'path-is-absolute',
435 silly mapToRegistry   rawSpec: '',
435 silly mapToRegistry   spec: 'latest',
435 silly mapToRegistry   type: 'tag' }
436 silly mapToRegistry uri https://registry.npmjs.org/path-is-absolute
437 verbose addNameRange registry:https://registry.npmjs.org/path-is-absolute not in flight; fetching
438 verbose get https://registry.npmjs.org/minimatch not expired, no request
439 silly addNameRange number 2 { name: 'minimatch', range: '>=3.0.2 <4.0.0', hasData: true }
440 silly addNameRange versions [ 'minimatch',
440 silly addNameRange   [ '0.0.1',
440 silly addNameRange     '0.0.2',
440 silly addNameRange     '0.0.4',
440 silly addNameRange     '0.0.5',
440 silly addNameRange     '0.1.1',
440 silly addNameRange     '0.1.2',
440 silly addNameRange     '0.1.3',
440 silly addNameRange     '0.1.4',
440 silly addNameRange     '0.1.5',
440 silly addNameRange     '0.2.0',
440 silly addNameRange     '0.2.2',
440 silly addNameRange     '0.2.3',
440 silly addNameRange     '0.2.4',
440 silly addNameRange     '0.2.5',
440 silly addNameRange     '0.2.6',
440 silly addNameRange     '0.2.7',
440 silly addNameRange     '0.2.8',
440 silly addNameRange     '0.2.9',
440 silly addNameRange     '0.2.10',
440 silly addNameRange     '0.2.11',
440 silly addNameRange     '0.2.12',
440 silly addNameRange     '0.2.13',
440 silly addNameRange     '0.2.14',
440 silly addNameRange     '0.3.0',
440 silly addNameRange     '0.4.0',
440 silly addNameRange     '1.0.0',
440 silly addNameRange     '2.0.0',
440 silly addNameRange     '2.0.1',
440 silly addNameRange     '2.0.2',
440 silly addNameRange     '2.0.3',
440 silly addNameRange     '2.0.4',
440 silly addNameRange     '2.0.5',
440 silly addNameRange     '2.0.6',
440 silly addNameRange     '2.0.7',
440 silly addNameRange     '2.0.8',
440 silly addNameRange     '2.0.9',
440 silly addNameRange     '2.0.10',
440 silly addNameRange     '3.0.0',
440 silly addNameRange     '3.0.2',
440 silly addNameRange     '3.0.3',
440 silly addNameRange     '3.0.4' ] ]
441 silly addNamed minimatch@3.0.4
442 verbose addNamed "3.0.4" is a plain semver version for minimatch
443 verbose get https://registry.npmjs.org/inflight not expired, no request
444 silly addNameRange number 2 { name: 'inflight', range: '>=1.0.4 <2.0.0', hasData: true }
445 silly addNameRange versions [ 'inflight',
445 silly addNameRange   [ '1.0.0', '1.0.1', '1.0.2', '1.0.3', '1.0.4', '1.0.5', '1.0.6' ] ]
446 silly addNamed inflight@1.0.6
447 verbose addNamed "1.0.6" is a plain semver version for inflight
448 silly resolveWithNewModule once@1.4.0 checking installable status
449 silly cache add args [ 'once@^1.3.0', null ]
450 verbose cache add spec once@^1.3.0
451 silly cache add parsed spec Result {
451 silly cache add   raw: 'once@^1.3.0',
451 silly cache add   scope: null,
451 silly cache add   escapedName: 'once',
451 silly cache add   name: 'once',
451 silly cache add   rawSpec: '^1.3.0',
451 silly cache add   spec: '>=1.3.0 <2.0.0',
451 silly cache add   type: 'range' }
452 silly addNamed once@>=1.3.0 <2.0.0
453 verbose addNamed ">=1.3.0 <2.0.0" is a valid semver range for once
454 silly addNameRange { name: 'once', range: '>=1.3.0 <2.0.0', hasData: false }
455 silly mapToRegistry name once
456 silly mapToRegistry using default registry
457 silly mapToRegistry registry https://registry.npmjs.org/
458 silly mapToRegistry data Result {
458 silly mapToRegistry   raw: 'once',
458 silly mapToRegistry   scope: null,
458 silly mapToRegistry   escapedName: 'once',
458 silly mapToRegistry   name: 'once',
458 silly mapToRegistry   rawSpec: '',
458 silly mapToRegistry   spec: 'latest',
458 silly mapToRegistry   type: 'tag' }
459 silly mapToRegistry uri https://registry.npmjs.org/once
460 verbose addNameRange registry:https://registry.npmjs.org/once not in flight; fetching
461 verbose get https://registry.npmjs.org/inherits not expired, no request
462 silly addNameRange number 2 { name: 'inherits', range: '>=2.0.0 <3.0.0', hasData: true }
463 silly addNameRange versions [ 'inherits',
463 silly addNameRange   [ '1.0.0', '2.0.0', '2.0.1', '1.0.1', '1.0.2', '2.0.3' ] ]
464 silly addNamed inherits@2.0.3
465 verbose addNamed "2.0.3" is a plain semver version for inherits
466 verbose get https://registry.npmjs.org/path-is-absolute not expired, no request
467 silly addNameRange number 2 { name: 'path-is-absolute',
467 silly addNameRange   range: '>=1.0.0 <2.0.0',
467 silly addNameRange   hasData: true }
468 silly addNameRange versions [ 'path-is-absolute', [ '1.0.0', '1.0.1' ] ]
469 silly addNamed path-is-absolute@1.0.1
470 verbose addNamed "1.0.1" is a plain semver version for path-is-absolute
471 silly cache afterAdd fs.realpath@1.0.0
472 verbose afterAdd C:\Users\IT. PLUS\AppData\Roaming\npm-cache\fs.realpath\1.0.0\package\package.json not in flight; writing
473 verbose correctMkdir C:\Users\IT. PLUS\AppData\Roaming\npm-cache correctMkdir not in flight; initializing
474 silly cache afterAdd minimatch@3.0.4
475 verbose afterAdd C:\Users\IT. PLUS\AppData\Roaming\npm-cache\minimatch\3.0.4\package\package.json not in flight; writing
476 verbose correctMkdir C:\Users\IT. PLUS\AppData\Roaming\npm-cache correctMkdir not in flight; initializing
477 verbose get https://registry.npmjs.org/once not expired, no request
478 silly addNameRange number 2 { name: 'once', range: '>=1.3.0 <2.0.0', hasData: true }
479 silly addNameRange versions [ 'once',
479 silly addNameRange   [ '1.1.1', '1.2.0', '1.3.0', '1.3.1', '1.3.2', '1.3.3', '1.4.0' ] ]
480 silly addNamed once@1.4.0
481 verbose addNamed "1.4.0" is a plain semver version for once
482 silly cache afterAdd inflight@1.0.6
483 verbose afterAdd C:\Users\IT. PLUS\AppData\Roaming\npm-cache\inflight\1.0.6\package\package.json not in flight; writing
484 verbose correctMkdir C:\Users\IT. PLUS\AppData\Roaming\npm-cache correctMkdir not in flight; initializing
485 silly cache afterAdd inherits@2.0.3
486 verbose afterAdd C:\Users\IT. PLUS\AppData\Roaming\npm-cache\inherits\2.0.3\package\package.json not in flight; writing
487 verbose correctMkdir C:\Users\IT. PLUS\AppData\Roaming\npm-cache correctMkdir not in flight; initializing
488 silly cache afterAdd path-is-absolute@1.0.1
489 verbose afterAdd C:\Users\IT. PLUS\AppData\Roaming\npm-cache\path-is-absolute\1.0.1\package\package.json not in flight; writing
490 verbose correctMkdir C:\Users\IT. PLUS\AppData\Roaming\npm-cache correctMkdir not in flight; initializing
491 silly cache afterAdd once@1.4.0
492 verbose afterAdd C:\Users\IT. PLUS\AppData\Roaming\npm-cache\once\1.4.0\package\package.json not in flight; writing
493 verbose correctMkdir C:\Users\IT. PLUS\AppData\Roaming\npm-cache correctMkdir not in flight; initializing
494 verbose afterAdd C:\Users\IT. PLUS\AppData\Roaming\npm-cache\fs.realpath\1.0.0\package\package.json written
495 verbose afterAdd C:\Users\IT. PLUS\AppData\Roaming\npm-cache\inflight\1.0.6\package\package.json written
496 verbose afterAdd C:\Users\IT. PLUS\AppData\Roaming\npm-cache\minimatch\3.0.4\package\package.json written
497 verbose afterAdd C:\Users\IT. PLUS\AppData\Roaming\npm-cache\inherits\2.0.3\package\package.json written
498 verbose afterAdd C:\Users\IT. PLUS\AppData\Roaming\npm-cache\once\1.4.0\package\package.json written
499 verbose afterAdd C:\Users\IT. PLUS\AppData\Roaming\npm-cache\path-is-absolute\1.0.1\package\package.json written
500 silly fetchNamedPackageData wrappy
501 silly mapToRegistry name wrappy
502 silly mapToRegistry using default registry
503 silly mapToRegistry registry https://registry.npmjs.org/
504 silly mapToRegistry data Result {
504 silly mapToRegistry   raw: 'wrappy',
504 silly mapToRegistry   scope: null,
504 silly mapToRegistry   escapedName: 'wrappy',
504 silly mapToRegistry   name: 'wrappy',
504 silly mapToRegistry   rawSpec: '',
504 silly mapToRegistry   spec: 'latest',
504 silly mapToRegistry   type: 'tag' }
505 silly mapToRegistry uri https://registry.npmjs.org/wrappy
506 verbose request uri https://registry.npmjs.org/wrappy
507 verbose request no auth needed
508 info attempt registry request try #1 at 2:47:16 PM
509 verbose etag W/"5818e387-11a5"
510 verbose lastModified Tue, 01 Nov 2016 18:48:39 GMT
511 http request GET https://registry.npmjs.org/wrappy
512 info retry will retry, error on last attempt: Error: getaddrinfo ENOENT registry.npmjs.org:443
513 info attempt registry request try #2 at 2:47:26 PM
514 verbose etag W/"5818e387-11a5"
515 verbose lastModified Tue, 01 Nov 2016 18:48:39 GMT
516 http request GET https://registry.npmjs.org/wrappy
517 info retry will retry, error on last attempt: Error: getaddrinfo ENOENT registry.npmjs.org:443
518 info attempt registry request try #3 at 2:54:50 PM
519 verbose etag W/"5818e387-11a5"
520 verbose lastModified Tue, 01 Nov 2016 18:48:39 GMT
521 http request GET https://registry.npmjs.org/wrappy
522 silly get cb [ 304, undefined ]
523 verbose etag https://registry.npmjs.org/wrappy from cache
524 verbose get saving wrappy to C:\Users\IT. PLUS\AppData\Roaming\npm-cache\registry.npmjs.org\wrappy\.cache.json
525 verbose correctMkdir C:\Users\IT. PLUS\AppData\Roaming\npm-cache correctMkdir not in flight; initializing
526 silly resolveWithNewModule wrappy@1.0.2 checking installable status
527 silly cache add args [ 'wrappy@1', null ]
528 verbose cache add spec wrappy@1
529 silly cache add parsed spec Result {
529 silly cache add   raw: 'wrappy@1',
529 silly cache add   scope: null,
529 silly cache add   escapedName: 'wrappy',
529 silly cache add   name: 'wrappy',
529 silly cache add   rawSpec: '1',
529 silly cache add   spec: '>=1.0.0 <2.0.0',
529 silly cache add   type: 'range' }
530 silly addNamed wrappy@>=1.0.0 <2.0.0
531 verbose addNamed ">=1.0.0 <2.0.0" is a valid semver range for wrappy
532 silly addNameRange { name: 'wrappy', range: '>=1.0.0 <2.0.0', hasData: false }
533 silly mapToRegistry name wrappy
534 silly mapToRegistry using default registry
535 silly mapToRegistry registry https://registry.npmjs.org/
536 silly mapToRegistry data Result {
536 silly mapToRegistry   raw: 'wrappy',
536 silly mapToRegistry   scope: null,
536 silly mapToRegistry   escapedName: 'wrappy',
536 silly mapToRegistry   name: 'wrappy',
536 silly mapToRegistry   rawSpec: '',
536 silly mapToRegistry   spec: 'latest',
536 silly mapToRegistry   type: 'tag' }
537 silly mapToRegistry uri https://registry.npmjs.org/wrappy
538 verbose addNameRange registry:https://registry.npmjs.org/wrappy not in flight; fetching
539 verbose get https://registry.npmjs.org/wrappy not expired, no request
540 silly addNameRange number 2 { name: 'wrappy', range: '>=1.0.0 <2.0.0', hasData: true }
541 silly addNameRange versions [ 'wrappy', [ '1.0.0', '1.0.1', '1.0.2' ] ]
542 silly addNamed wrappy@1.0.2
543 verbose addNamed "1.0.2" is a plain semver version for wrappy
544 silly cache afterAdd wrappy@1.0.2
545 verbose afterAdd C:\Users\IT. PLUS\AppData\Roaming\npm-cache\wrappy\1.0.2\package\package.json not in flight; writing
546 verbose correctMkdir C:\Users\IT. PLUS\AppData\Roaming\npm-cache correctMkdir not in flight; initializing
547 verbose afterAdd C:\Users\IT. PLUS\AppData\Roaming\npm-cache\wrappy\1.0.2\package\package.json written
548 silly fetchNamedPackageData brace-expansion
549 silly mapToRegistry name brace-expansion
550 silly mapToRegistry using default registry
551 silly mapToRegistry registry https://registry.npmjs.org/
552 silly mapToRegistry data Result {
552 silly mapToRegistry   raw: 'brace-expansion',
552 silly mapToRegistry   scope: null,
552 silly mapToRegistry   escapedName: 'brace-expansion',
552 silly mapToRegistry   name: 'brace-expansion',
552 silly mapToRegistry   rawSpec: '',
552 silly mapToRegistry   spec: 'latest',
552 silly mapToRegistry   type: 'tag' }
553 silly mapToRegistry uri https://registry.npmjs.org/brace-expansion
554 verbose request uri https://registry.npmjs.org/brace-expansion
555 verbose request no auth needed
556 info attempt registry request try #1 at 2:54:52 PM
557 verbose etag W/"58e74a3f-52db"
558 verbose lastModified Fri, 07 Apr 2017 08:13:51 GMT
559 http request GET https://registry.npmjs.org/brace-expansion
560 info retry will retry, error on last attempt: Error: getaddrinfo ENOENT registry.npmjs.org:443
561 info attempt registry request try #2 at 2:55:03 PM
562 verbose etag W/"58e74a3f-52db"
563 verbose lastModified Fri, 07 Apr 2017 08:13:51 GMT
564 http request GET https://registry.npmjs.org/brace-expansion
565 info retry will retry, error on last attempt: Error: getaddrinfo ENOENT registry.npmjs.org:443
566 verbose stack Error: kill ENOSYS
566 verbose stack     at exports._errnoException (util.js:1022:11)
566 verbose stack     at process.kill (internal/process.js:172:13)
566 verbose stack     at process.listener (C:\Program Files (x86)\nodejs\node_modules\npm\node_modules\npmlog\node_modules\gauge\node_modules\signal-exit\index.js:86:15)
566 verbose stack     at emitNone (events.js:91:20)
566 verbose stack     at process.emit (events.js:185:7)
566 verbose stack     at processEmit (C:\Program Files (x86)\nodejs\node_modules\npm\node_modules\npmlog\node_modules\gauge\node_modules\signal-exit\index.js:146:32)
566 verbose stack     at processEmit (C:\Program Files (x86)\nodejs\node_modules\npm\node_modules\npm-registry-client\node_modules\npmlog\node_modules\gauge\node_modules\signal-exit\index.js:146:32)
566 verbose stack     at Signal.wrap.onsignal (internal/process.js:199:44)
567 verbose cwd C:\Users\IT. PLUS\Desktop\Andela_Homestudy-day_3\reversestring\spec
568 error Windows_NT 10.0.10586
569 error argv "C:\\Program Files (x86)\\nodejs\\node.exe" "C:\\Program Files (x86)\\nodejs\\node_modules\\npm\\bin\\npm-cli.js" "install" "-g" "jasmine"
570 error node v6.9.4
571 error npm  v3.10.10
572 error code ENOSYS
573 error errno ENOSYS
574 error syscall kill
575 error kill ENOSYS
576 error If you need help, you may report this error at:
576 error     <https://github.com/npm/npm/issues>
577 verbose exit [ 1, true ]
